Problem:    cars
Rows:       11
Columns:    25 (25 integer, 25 binary)
Non-zeros:  75
Status:     INTEGER OPTIMAL
Objective:  spending = 273000 (MINimum)

   No.   Row name        Activity     Lower bound   Upper bound
------ ------------    ------------- ------------- -------------
     1 one_car_per_day[Monday]
                                   1                           1 
     2 one_car_per_day[Tuesday]
                                   1                           1 
     3 one_car_per_day[Wednesday]
                                   1                           1 
     4 one_car_per_day[Thursday]
                                   1                           1 
     5 one_car_per_day[Friday]
                                   1                           1 
     6 all_cars_must_be_bought[Wartburg]
                                   1             1             = 
     7 all_cars_must_be_bought[Lada]
                                   1             1             = 
     8 all_cars_must_be_bought[Fiat]
                                   1             1             = 
     9 all_cars_must_be_bought[Trabant]
                                   1             1             = 
    10 all_cars_must_be_bought[Skoda]
                                   1             1             = 
    11 spending               273000                             

   No. Column name       Activity     Lower bound   Upper bound
------ ------------    ------------- ------------- -------------
     1 buy[Wartburg,Monday]
                    *              0             0             1 
     2 buy[Lada,Monday]
                    *              0             0             1 
     3 buy[Fiat,Monday]
                    *              0             0             1 
     4 buy[Trabant,Monday]
                    *              0             0             1 
     5 buy[Skoda,Monday]
                    *              1             0             1 
     6 buy[Wartburg,Tuesday]
                    *              0             0             1 
     7 buy[Lada,Tuesday]
                    *              0             0             1 
     8 buy[Fiat,Tuesday]
                    *              0             0             1 
     9 buy[Trabant,Tuesday]
                    *              1             0             1 
    10 buy[Skoda,Tuesday]
                    *              0             0             1 
    11 buy[Wartburg,Wednesday]
                    *              1             0             1 
    12 buy[Lada,Wednesday]
                    *              0             0             1 
    13 buy[Fiat,Wednesday]
                    *              0             0             1 
    14 buy[Trabant,Wednesday]
                    *              0             0             1 
    15 buy[Skoda,Wednesday]
                    *              0             0             1 
    16 buy[Wartburg,Thursday]
                    *              0             0             1 
    17 buy[Lada,Thursday]
                    *              0             0             1 
    18 buy[Fiat,Thursday]
                    *              1             0             1 
    19 buy[Trabant,Thursday]
                    *              0             0             1 
    20 buy[Skoda,Thursday]
                    *              0             0             1 
    21 buy[Wartburg,Friday]
                    *              0             0             1 
    22 buy[Lada,Friday]
                    *              1             0             1 
    23 buy[Fiat,Friday]
                    *              0             0             1 
    24 buy[Trabant,Friday]
                    *              0             0             1 
    25 buy[Skoda,Friday]
                    *              0             0             1 

Integer feasibility conditions:

KKT.PE: max.abs.err = 0.00e+00 on row 0
        max.rel.err = 0.00e+00 on row 0
        High quality

KKT.PB: max.abs.err = 0.00e+00 on row 0
        max.rel.err = 0.00e+00 on row 0
        High quality

End of output
